This is pdfTeX, Version 3.14159265-2.6-1.40.17 (MiKTeX 2.9.6210 64-bit) (preloaded format=pdflatex 2017.4.17)  21 MAY 2017 19:13
entering extended mode
**"C:/Users/KinJohn/Desktop/samikats' part/lunch.tex"
("C:/Users/KinJohn/Desktop/samikats' part/lunch.tex"
LaTeX2e <2017/01/01> patch level 1
Babel <3.9r> and hyphenation patterns for 75 language(s) loaded.
("C:\Program Files\MiKTeX 2.9\tex\latex\base\article.cls"
Document Class: article 2014/09/29 v1.4h Standard LaTeX document class
("C:\Program Files\MiKTeX 2.9\tex\latex\base\size12.clo"
File: size12.clo 2014/09/29 v1.4h Standard LaTeX file (size option)
)
\c@part=\count79
\c@section=\count80
\c@subsection=\count81
\c@subsubsection=\count82
\c@paragraph=\count83
\c@subparagraph=\count84
\c@figure=\count85
\c@table=\count86
\abovecaptionskip=\skip41
\belowcaptionskip=\skip42
\bibindent=\dimen102
) (lunch.aux)
\openout1 = `lunch.aux'.

LaTeX Font Info:    Checking defaults for OML/cmm/m/it on input line 2.
LaTeX Font Info:    ... okay on input line 2.
LaTeX Font Info:    Checking defaults for T1/cmr/m/n on input line 2.
LaTeX Font Info:    ... okay on input line 2.
LaTeX Font Info:    Checking defaults for OT1/cmr/m/n on input line 2.
LaTeX Font Info:    ... okay on input line 2.
LaTeX Font Info:    Checking defaults for OMS/cmsy/m/n on input line 2.
LaTeX Font Info:    ... okay on input line 2.
LaTeX Font Info:    Checking defaults for OMX/cmex/m/n on input line 2.
LaTeX Font Info:    ... okay on input line 2.
LaTeX Font Info:    Checking defaults for U/cmr/m/n on input line 2.
LaTeX Font Info:    ... okay on input line 2.

Overfull \hbox (110.0pt too wide) in paragraph at lines 5--5
 | 
 []


Overfull \hbox (110.0pt too wide) in paragraph at lines 7--7
 []| 
 []

! I can't write on file `lunch.pdf'.
Please type another file name for output: 
! Emergency stop.
<to be read again> 
                   \endgroup \set@typeset@protect 
l.15 \end{titlepage}
                    
End of file on the terminal!

 
Here is how much of TeX's memory you used:
 205 strings out of 493333
 2226 string characters out of 3139188
 53255 words of memory out of 3000000
 3821 multiletter control sequences out of 15000+200000
 4544 words of font info for 17 fonts, out of 3000000 for 9000
 1141 hyphenation exceptions out of 8191
 22i,4n,19p,170b,131s stack positions out of 5000i,500n,10000p,200000b,50000s
!  ==> Fatal error occurred, no output PDF file produced!
